#
# There is insufficient memory for the Java Runtime Environment to continue.
# Native memory allocation (mmap) failed to map 130023424 bytes for G1 virtual space
# Possible reasons:
#   The system is out of physical RAM or swap space
#   The process is running with CompressedOops enabled, and the Java Heap may be blocking the growth of the native heap
# Possible solutions:
#   Reduce memory load on the system
#   Increase physical memory or swap space
#   Check if swap backing store is full
#   Decrease Java heap size (-Xmx/-Xms)
#   Decrease number of Java threads
#   Decrease Java thread stack sizes (-Xss)
#   Set larger code cache with -XX:ReservedCodeCacheSize=
#   JVM is running with Unscaled Compressed Oops mode in which the Java heap is
#     placed in the first 4GB address space. The Java Heap base address is the
#     maximum limit for the native heap growth. Please use -XX:HeapBaseMinAddress
#     to set the Java Heap base and to place the Java Heap above 4GB virtual address.
# This output file may be truncated or incomplete.
#
#  Out of Memory Error (os_windows.cpp:3559), pid=25836, tid=17196
#
# JRE version:  (17.0.7+7) (build )
# Java VM: OpenJDK 64-Bit Server VM (17.0.7+7, mixed mode, sharing, tiered, compressed oops, compressed class ptrs, g1 gc, windows-amd64)
# No core dump will be written. Minidumps are not enabled by default on client versions of Windows
#

---------------  S U M M A R Y ------------

Command Line: -Dfile.encoding=UTF-8 -XX:+ShowCodeDetailsInExceptionMessages com.tcs.CubeArrangement

Host: 11th Gen Intel(R) Core(TM) i3-1115G4 @ 3.00GHz, 4 cores, 7G,  Windows 11 , 64 bit Build 22621 (10.0.22621.4391)
Time: Sat Nov 16 02:32:32 2024 India Standard Time elapsed time: 0.061243 seconds (0d 0h 0m 0s)

---------------  T H R E A D  ---------------

Current thread (0x000001e12597c010):  JavaThread "Unknown thread" [_thread_in_vm, id=17196, stack(0x000000486b600000,0x000000486b700000)]

Stack: [0x000000486b600000,0x000000486b700000]
Native frames: (J=compiled Java code, j=interpreted, Vv=VM code, C=native code)
V  [jvm.dll+0x67754a]
V  [jvm.dll+0x834304]
V  [jvm.dll+0x835aae]
V  [jvm.dll+0x836113]
V  [jvm.dll+0x24696f]
V  [jvm.dll+0x6743f9]
V  [jvm.dll+0x668c8a]
V  [jvm.dll+0x3061bb]
V  [jvm.dll+0x30d6a6]
V  [jvm.dll+0x35cece]
V  [jvm.dll+0x35d0ff]
V  [jvm.dll+0x2dd048]
V  [jvm.dll+0x2ddfb4]
V  [jvm.dll+0x8066d1]
V  [jvm.dll+0x36ac91]
V  [jvm.dll+0x7e5cec]
V  [jvm.dll+0x3ed56f]
V  [jvm.dll+0x3ef0a1]
C  [jli.dll+0x528b]
C  [ucrtbase.dll+0x29333]
C  [KERNEL32.DLL+0x1259d]
C  [ntdll.dll+0x5af38]


---------------  P R O C E S S  ---------------

Threads class SMR info:
_java_thread_list=0x00007ffd033b7018, length=0, elements={
}

Java Threads: ( => current thread )

Other Threads:
  0x000001e1259d7d80 GCTaskThread "GC Thread#0" [stack: 0x000000486b700000,0x000000486b800000] [id=25808]
  0x000001e1259e8340 ConcurrentGCThread "G1 Main Marker" [stack: 0x000000486b800000,0x000000486b900000] [id=9276]
  0x000001e1259e8d50 ConcurrentGCThread "G1 Conc#0" [stack: 0x000000486b900000,0x000000486ba00000] [id=8016]

[error occurred during error reporting (printing all threads), id 0xc0000005, EXCEPTION_ACCESS_VIOLATION (0xc0000005) at pc=0x00007ffd02b8daf7]

VM state: not at safepoint (not fully initialized)

VM Mutex/Monitor currently owned by a thread:  ([mutex/lock_event])
[0x000001e125978d30] Heap_lock - owner thread: 0x000001e12597c010

Heap address: 0x0000000084c00000, size: 1972 MB, Compressed Oops mode: 32-bit

CDS archive(s) mapped at: [0x0000000000000000-0x0000000000000000-0x0000000000000000), size 0, SharedBaseAddress: 0x0000000800000000, ArchiveRelocationMode: 0.
Narrow klass base: 0x0000000000000000, Narrow klass shift: 0, Narrow klass range: 0x0

GC Precious Log:
<Empty>

Heap:
 garbage-first heap   total 0K, used 0K [0x0000000084c00000, 0x0000000100000000)
  region size 1024K, 0 young (0K), 0 survivors (0K)

[error occurred during error reporting (printing heap information), id 0xc0000005, EXCEPTION_ACCESS_VIOLATION (0xc0000005) at pc=0x00007ffd02f70db9]

GC Heap History (0 events):
No events

Dll operation events (1 events):
Event: 0.032 Loaded shared library C:\Users\abhiy\Downloads\sts-4.19.0.RELEASE\plugins\org.eclipse.justj.openjdk.hotspot.jre.full.win32.x86_64_17.0.7.v20230425-1502\jre\bin\java.dll

Deoptimization events (0 events):
No events

Classes unloaded (0 events):
No events

Classes redefined (0 events):
No events

Internal exceptions (0 events):
No events

VM Operations (0 events):
No events

Events (0 events):
No events


Dynamic libraries:
0x00007ff6b14c0000 - 0x00007ff6b14ce000 	C:\Users\abhiy\Downloads\sts-4.19.0.RELEASE\plugins\org.eclipse.justj.openjdk.hotspot.jre.full.win32.x86_64_17.0.7.v20230425-1502\jre\bin\javaw.exe
0x00007ffd9b070000 - 0x00007ffd9b287000 	C:\WINDOWS\SYSTEM32\ntdll.dll
0x00007ffd9a5a0000 - 0x00007ffd9a664000 	C:\WINDOWS\System32\KERNEL32.DLL
0x00007ffd98370000 - 0x00007ffd98729000 	C:\WINDOWS\System32\KERNELBASE.dll
0x00007ffd98880000 - 0x00007ffd98991000 	C:\WINDOWS\System32\ucrtbase.dll
0x00007ffd79960000 - 0x00007ffd79979000 	C:\Users\abhiy\Downloads\sts-4.19.0.RELEASE\plugins\org.eclipse.justj.openjdk.hotspot.jre.full.win32.x86_64_17.0.7.v20230425-1502\jre\bin\VCRUNTIME140.dll
0x00007ffd79980000 - 0x00007ffd79997000 	C:\Users\abhiy\Downloads\sts-4.19.0.RELEASE\plugins\org.eclipse.justj.openjdk.hotspot.jre.full.win32.x86_64_17.0.7.v20230425-1502\jre\bin\jli.dll
0x00007ffd9aaf0000 - 0x00007ffd9ac9e000 	C:\WINDOWS\System32\USER32.dll
0x00007ffd98a40000 - 0x00007ffd98a66000 	C:\WINDOWS\System32\win32u.dll
0x00007ffd9ae80000 - 0x00007ffd9aea9000 	C:\WINDOWS\System32\GDI32.dll
0x00007ffd98760000 - 0x00007ffd9887b000 	C:\WINDOWS\System32\gdi32full.dll
0x00007ffd989a0000 - 0x00007ffd98a3a000 	C:\WINDOWS\System32\msvcp_win.dll
0x00007ffd80d70000 - 0x00007ffd81002000 	C:\WINDOWS\WinSxS\amd64_microsoft.windows.common-controls_6595b64144ccf1df_6.0.22621.4391_none_2715d37f73803e96\COMCTL32.dll
0x00007ffd99f90000 - 0x00007ffd9a037000 	C:\WINDOWS\System32\msvcrt.dll
0x00007ffd9a140000 - 0x00007ffd9a171000 	C:\WINDOWS\System32\IMM32.DLL
0x00007ffd7d360000 - 0x00007ffd7d36c000 	C:\Users\abhiy\Downloads\sts-4.19.0.RELEASE\plugins\org.eclipse.justj.openjdk.hotspot.jre.full.win32.x86_64_17.0.7.v20230425-1502\jre\bin\vcruntime140_1.dll
0x00007ffd606d0000 - 0x00007ffd60761000 	C:\Users\abhiy\Downloads\sts-4.19.0.RELEASE\plugins\org.eclipse.justj.openjdk.hotspot.jre.full.win32.x86_64_17.0.7.v20230425-1502\jre\bin\msvcp140.dll
0x00007ffd028a0000 - 0x00007ffd034e8000 	C:\Users\abhiy\Downloads\sts-4.19.0.RELEASE\plugins\org.eclipse.justj.openjdk.hotspot.jre.full.win32.x86_64_17.0.7.v20230425-1502\jre\bin\server\jvm.dll
0x00007ffd9ad40000 - 0x00007ffd9adf2000 	C:\WINDOWS\System32\ADVAPI32.dll
0x00007ffd9a310000 - 0x00007ffd9a3b7000 	C:\WINDOWS\System32\sechost.dll
0x00007ffd98730000 - 0x00007ffd98758000 	C:\WINDOWS\System32\bcrypt.dll
0x00007ffd9aeb0000 - 0x00007ffd9afc4000 	C:\WINDOWS\System32\RPCRT4.dll
0x00007ffd8a740000 - 0x00007ffd8a749000 	C:\WINDOWS\SYSTEM32\WSOCK32.dll
0x00007ffd9ae00000 - 0x00007ffd9ae71000 	C:\WINDOWS\System32\WS2_32.dll
0x00007ffd8e1c0000 - 0x00007ffd8e1f4000 	C:\WINDOWS\SYSTEM32\WINMM.dll
0x00007ffd8abb0000 - 0x00007ffd8abba000 	C:\WINDOWS\SYSTEM32\VERSION.dll
0x00007ffd97470000 - 0x00007ffd97488000 	C:\WINDOWS\SYSTEM32\kernel.appcore.dll
0x00007ffd88170000 - 0x00007ffd8817a000 	C:\Users\abhiy\Downloads\sts-4.19.0.RELEASE\plugins\org.eclipse.justj.openjdk.hotspot.jre.full.win32.x86_64_17.0.7.v20230425-1502\jre\bin\jimage.dll
0x00007ffd95a80000 - 0x00007ffd95cb2000 	C:\WINDOWS\SYSTEM32\DBGHELP.DLL
0x00007ffd98de0000 - 0x00007ffd9916f000 	C:\WINDOWS\System32\combase.dll
0x00007ffd9a230000 - 0x00007ffd9a307000 	C:\WINDOWS\System32\OLEAUT32.dll
0x00007ffd8ad80000 - 0x00007ffd8adb2000 	C:\WINDOWS\SYSTEM32\dbgcore.DLL
0x00007ffd98ae0000 - 0x00007ffd98b5b000 	C:\WINDOWS\System32\bcryptPrimitives.dll
0x00007ffd7c970000 - 0x00007ffd7c995000 	C:\Users\abhiy\Downloads\sts-4.19.0.RELEASE\plugins\org.eclipse.justj.openjdk.hotspot.jre.full.win32.x86_64_17.0.7.v20230425-1502\jre\bin\java.dll

dbghelp: loaded successfully - version: 4.0.5 - missing functions: none
symbol engine: initialized successfully - sym options: 0x614 - pdb path: .;C:\Users\abhiy\Downloads\sts-4.19.0.RELEASE\plugins\org.eclipse.justj.openjdk.hotspot.jre.full.win32.x86_64_17.0.7.v20230425-1502\jre\bin;C:\WINDOWS\SYSTEM32;C:\WINDOWS\WinSxS\amd64_microsoft.windows.common-controls_6595b64144ccf1df_6.0.22621.4391_none_2715d37f73803e96;C:\Users\abhiy\Downloads\sts-4.19.0.RELEASE\plugins\org.eclipse.justj.openjdk.hotspot.jre.full.win32.x86_64_17.0.7.v20230425-1502\jre\bin\server

VM Arguments:
jvm_args: -Dfile.encoding=UTF-8 -XX:+ShowCodeDetailsInExceptionMessages 
java_command: com.tcs.CubeArrangement
java_class_path (initial): D:\Java-Learnings\Repository\dsa-practice\DsaPractice\bin
Launcher Type: SUN_STANDARD

[Global flags]
     intx CICompilerCount                          = 3                                         {product} {ergonomic}
     uint ConcGCThreads                            = 1                                         {product} {ergonomic}
     uint G1ConcRefinementThreads                  = 4                                         {product} {ergonomic}
   size_t G1HeapRegionSize                         = 1048576                                   {product} {ergonomic}
    uintx GCDrainStackTargetSize                   = 64                                        {product} {ergonomic}
   size_t InitialHeapSize                          = 130023424                                 {product} {ergonomic}
   size_t MarkStackSize                            = 4194304                                   {product} {ergonomic}
   size_t MaxHeapSize                              = 2067791872                                {product} {ergonomic}
   size_t MinHeapDeltaBytes                        = 1048576                                   {product} {ergonomic}
   size_t MinHeapSize                              = 8388608                                   {product} {ergonomic}
    uintx NonNMethodCodeHeapSize                   = 5832780                                {pd product} {ergonomic}
    uintx NonProfiledCodeHeapSize                  = 122912730                              {pd product} {ergonomic}
    uintx ProfiledCodeHeapSize                     = 122912730                              {pd product} {ergonomic}
    uintx ReservedCodeCacheSize                    = 251658240                              {pd product} {ergonomic}
     bool SegmentedCodeCache                       = true                                      {product} {ergonomic}
     bool ShowCodeDetailsInExceptionMessages       = true                                   {manageable} {command line}
   size_t SoftMaxHeapSize                          = 2067791872                             {manageable} {ergonomic}
     bool UseCompressedClassPointers               = true                           {product lp64_product} {ergonomic}
     bool UseCompressedOops                        = true                           {product lp64_product} {ergonomic}
     bool UseG1GC                                  = true                                      {product} {ergonomic}
     bool UseLargePagesIndividualAllocation        = false                                  {pd product} {ergonomic}

Logging:
Log output configuration:
 #0: stdout all=warning uptime,level,tags
 #1: stderr all=off uptime,level,tags

Environment Variables:
JAVA_HOME=C:\Program Files\Java\jdk-20
PATH=C:/Users/abhiy/Downloads/sts-4.19.0.RELEASE//plugins/org.eclipse.justj.openjdk.hotspot.jre.full.win32.x86_64_17.0.7.v20230425-1502/jre/bin/server;C:/Users/abhiy/Downloads/sts-4.19.0.RELEASE//plugins/org.eclipse.justj.openjdk.hotspot.jre.full.win32.x86_64_17.0.7.v20230425-1502/jre/bin;C:\Program Files\Common Files\Oracle\Java\javapath;C:\WINDOWS\system32;C:\WINDOWS;C:\WINDOWS\System32\Wbem;C:\WINDOWS\System32\WindowsPowerShell\v1.0\;C:\WINDOWS\System32\OpenSSH\;C:\Program Files\Git\cmd;C:\Program Files\nodejs\;C:\Program Files\Java\jdk-20\bin;C:\MinGW\bin;C:\Program Files\MySQL\MySQL Server 8.0\bin;C:\Program Files\apache-maven-3.9.9\bin;C:\Users\abhiy\AppData\Local\Programs\Python\Python312\Scripts\;C:\Users\abhiy\AppData\Local\Programs\Python\Python312\;C:\Users\abhiy\AppData\Local\Programs\Python\Launcher\;C:\Users\abhiy\AppData\Local\Microsoft\WindowsApps;C:\Users\abhiy\AppData\Local\Programs\Microsoft VS Code\bin;C:\Users\abhiy\AppData\Roaming\npm;C:\Users\abhiy\AppData\Local\gitkraken\bin;C:\Program Files\IntelliJ IDEA Community Edition 2024.2.1\bin;;C:\Users\abhiy\Downloads\sts-4.19.0.RELEASE;
USERNAME=abhiy
OS=Windows_NT
PROCESSOR_IDENTIFIER=Intel64 Family 6 Model 140 Stepping 1, GenuineIntel
TMP=C:\Users\abhiy\AppData\Local\Temp
TEMP=C:\Users\abhiy\AppData\Local\Temp



---------------  S Y S T E M  ---------------

OS:
 Windows 11 , 64 bit Build 22621 (10.0.22621.4391)
OS uptime: 2 days 7:16 hours
Hyper-V role detected

CPU: total 4 (initial active 4) (2 cores per cpu, 2 threads per core) family 6 model 140 stepping 1 microcode 0x86, cx8, cmov, fxsr, ht, mmx, 3dnowpref, sse, sse2, sse3, ssse3, sse4.1, sse4.2, popcnt, lzcnt, tsc, tscinvbit, avx, avx2, aes, erms, clmul, bmi1, bmi2, adx, avx512f, avx512dq, avx512cd, avx512bw, avx512vl, sha, fma, vzeroupper, avx512_vpopcntdq, avx512_vpclmulqdq, avx512_vaes, avx512_vnni, clflush, clflushopt, clwb, avx512_vbmi2, avx512_vbmi, hv

Memory: 4k page, system-wide physical 7886M (105M free)
TotalPageFile size 25426M (AvailPageFile size 105M)
current process WorkingSet (physical memory assigned to process): 11M, peak: 11M
current process commit charge ("private bytes"): 51M, peak: 175M

vm_info: OpenJDK 64-Bit Server VM (17.0.7+7) for windows-amd64 JRE (17.0.7+7), built on Apr 18 2023 22:10:42 by "temurin" with MS VC++ 16.7 (VS2019)

END.
